<?xml version="1.0" encoding="UTF-8"?><testsuite errors="0" failures="0" name="com.stores.storesinfo.StoresCURDTestWithSteps" skipped="0" tests="4" time="7.79" timestamp="2022-10-04T17:40:54.734-04:00[America/New_York]"><testcase classname="com.stores.storesinfo.StoresCURDTestWithSteps" name="This will create a new stores"/><testcase classname="com.stores.storesinfo.StoresCURDTestWithSteps" name="Verify if stores is created"/><testcase classname="com.stores.storesinfo.StoresCURDTestWithSteps" name="update the stores information"/><testcase classname="com.stores.storesinfo.StoresCURDTestWithSteps" name="Delete stores info by storesid and verify its deleted"/></testsuite>